20230222	21:44:29	911d6e3f-e948-4108-899f-ea89af2a9645	GET	/bcnmin/blogs	http://localhost:3000
20230222	21:47:00	bb94cb9b-192d-455e-8e1d-819b0f69b384	POST	/bcnmin/blogs	undefined
20230222	21:48:17	c34d32f1-0387-46a8-bb94-e45113156ee9	POST	/bcnmin/blogs	undefined
20230222	21:48:33	07ac02e2-eeff-4a36-bd5e-84f7b6c5c1c2	GET	/bcnmin/blogs	http://localhost:3000
20230222	21:50:04	8bbfb1f2-3660-4a8c-b33d-c3eacf48995a	POST	/bcnmin/blogs	undefined
20230222	21:51:02	26eea680-52f5-4054-89e8-19394d2336c1	POST	/bcnmin/blogs	undefined
20230222	21:51:05	d7d2d527-5e9f-4ea6-9cb3-a5336c2ed16c	GET	/bcnmin/blogs	http://localhost:3000
20230222	21:51:29	ddfcefd1-77c9-4447-a299-2b3b48148b14	OPTIONS	/bcnmin/register	http://localhost:3000
20230222	21:51:29	e5b73b9a-041b-4e25-bcd0-d2a907c0715a	POST	/bcnmin/register	http://localhost:3000
20230222	21:55:20	f6b09c06-26cc-4fd5-b0a9-5be980a07bfe	OPTIONS	/bcnmin/register	http://localhost:3000
20230222	21:55:20	ad7feb1f-a1f2-4de7-887b-0ef4fa959adc	POST	/bcnmin/register	http://localhost:3000
20230222	21:56:23	804e1036-7196-46a8-b941-3e8a59ae0d12	OPTIONS	/bcnmin/auth	http://localhost:3000
20230222	21:56:23	402eb96d-33b5-4b2f-9101-6c9a0c6c69ec	POST	/bcnmin/auth	http://localhost:3000
20230222	21:56:23	57a90611-3bf6-4d2c-a3cb-bf5f4b312393	OPTIONS	/bcnmin/users/profile	http://localhost:3000
20230222	21:56:23	659cc628-f014-467d-8128-551192d09d13	GET	/bcnmin/users/profile	http://localhost:3000
20230222	21:56:23	fdc1bd62-8813-444e-bf03-25cf65c299e4	GET	/bcnmin/blogs	http://localhost:3000
20230222	21:56:23	8448b461-2119-43d4-96c7-4c59ba56a0b0	GET	/bcnmin/users/profile	http://localhost:3000
20230222	21:56:26	43571e4f-7473-41c6-ac5e-7d526d50620e	OPTIONS	/bcnmin/favorites/63f68036971377bb8caf2a8c	http://localhost:3000
20230222	21:56:26	6b51fe90-fa30-4de2-86cf-9cd0f477d26a	POST	/bcnmin/favorites/63f68036971377bb8caf2a8c	http://localhost:3000
20230222	21:56:28	0b7b08d4-6686-4de4-8ce9-8da894f0f85a	OPTIONS	/bcnmin/favorites/63f67ffc971377bb8caf2a8a	http://localhost:3000
20230222	21:56:28	de875576-a1fc-4497-8053-49750e1797f4	POST	/bcnmin/favorites/63f67ffc971377bb8caf2a8a	http://localhost:3000
20230222	21:56:31	ea5720f6-b808-40cb-bb81-6c82993dd210	DELETE	/bcnmin/favorites/63f68036971377bb8caf2a8c	http://localhost:3000
20230222	21:56:32	f84bcb22-beb8-42c1-af42-cf1ae5c0a47f	GET	/bcnmin/comments	http://localhost:3000
20230222	21:56:32	a06ac438-f1fd-4d0e-84ca-07488885e8c8	OPTIONS	/bcnmin/users/profile	http://localhost:3000
20230222	21:56:32	571d727e-f0e1-421b-a05e-6184c0e1f837	GET	/bcnmin/users/profile	http://localhost:3000
20230222	21:56:35	efe07088-6c32-40c7-9e84-9e3044387721	OPTIONS	/bcnmin/comments	http://localhost:3000
20230222	21:56:35	f67d3280-3151-4e0f-8575-e188b4dc6211	POST	/bcnmin/comments	http://localhost:3000
20230222	21:56:39	1d9e81bf-bbe7-4ddf-8c92-f34e4a6b1170	OPTIONS	/bcnmin/comments/63f68183d370891bfa405120	http://localhost:3000
20230222	21:56:39	2f3389a6-4a63-41d1-9ac9-24b4c848403e	PATCH	/bcnmin/comments/63f68183d370891bfa405120	http://localhost:3000
20230222	21:56:41	17bc2496-acf2-4a3f-806b-84996760f33a	DELETE	/bcnmin/comments/63f68183d370891bfa405120	http://localhost:3000
20230222	21:56:43	d29436b8-8bea-4eb2-a450-6439e8ff0070	OPTIONS	/bcnmin/logout	http://localhost:3000
20230222	21:56:43	3c417f69-3bc0-4b3e-9476-4e9f1c860da4	POST	/bcnmin/logout	http://localhost:3000
20230222	21:56:43	68570101-089f-4f07-ba21-ea77d51d4d0c	GET	/bcnmin/blogs	http://localhost:3000
20230222	21:57:19	c0a086c4-0efd-40e1-83dc-d9aca60a9621	OPTIONS	/bcnmin/register	http://localhost:3000
20230222	21:57:19	72469e2f-bc71-400f-8c77-a80db2a4e607	POST	/bcnmin/register	http://localhost:3000
20230222	21:57:19	8a142320-0e2f-4fd8-9a9d-abeca204ba66	OPTIONS	/bcnmin/users/profile	http://localhost:3000
20230222	21:57:19	73c0c640-cbc1-4c21-8aed-d83f9fd20326	GET	/bcnmin/users/profile	http://localhost:3000
20230222	21:57:26	42ad2571-ecda-437d-9a43-c62285c92931	OPTIONS	/bcnmin/users/profile	http://localhost:3000
20230222	21:57:26	dc28ad23-524a-45de-ba0d-ca331a0f3523	GET	/bcnmin/blogs	http://localhost:3000
20230222	21:57:26	68c8a181-ba13-4b3d-a801-5d51e6009613	GET	/bcnmin/users/profile	http://localhost:3000
20230222	21:57:29	92125d49-b9af-484f-91d7-2ce724d1ac4b	GET	/bcnmin/comments	http://localhost:3000
20230222	21:57:29	7df36772-87bc-44ba-a2f9-dcd0e705853c	GET	/bcnmin/users/profile	http://localhost:3000
20230222	21:57:49	e9afeabb-2765-4dbe-94ac-ab33255177fc	OPTIONS	/bcnmin/collab	http://localhost:3000
20230222	21:57:49	464cf540-7f77-4894-b4d5-e5d42114ff7a	POST	/bcnmin/collab	http://localhost:3000
20230222	21:58:00	2b8222e3-bff5-4ac9-863b-79424a93f1aa	OPTIONS	/bcnmin/logout	http://localhost:3000
20230222	21:58:00	ba3ff73b-470f-40a7-ac1d-601ae61e48d1	POST	/bcnmin/logout	http://localhost:3000
20230222	21:58:00	ba5b672e-1d3a-449d-970c-daf31c94ab67	GET	/bcnmin/blogs	http://localhost:3000
20230222	21:58:32	a7c787b2-a2c3-4122-86e5-41142d438a40	OPTIONS	/bcnmin/auth	http://localhost:3000
20230222	21:58:32	5afcfdf4-0c14-4ae1-ac16-4fc11cff7b3b	POST	/bcnmin/auth	http://localhost:3000
20230222	21:58:33	58c95372-8325-494e-8602-a3d18e8bc5b8	OPTIONS	/bcnmin/users/profile	http://localhost:3000
20230222	21:58:33	5111d3c7-a215-45a9-816d-9763faa855f4	GET	/bcnmin/users/profile	http://localhost:3000
20230222	21:58:33	9ee1f000-240d-44cb-8966-68a8cafb0739	GET	/bcnmin/blogs	http://localhost:3000
20230222	21:58:33	a8f31942-367e-4d3b-90b8-7bb39889968f	GET	/bcnmin/users/profile	http://localhost:3000
20230222	21:58:42	068f9bcb-45d9-4b36-8219-494cc6e4e5cc	GET	/bcnmin/blogs	http://localhost:3000
20230222	21:58:42	8a2533e3-6e3d-425f-8e67-877725af5dbc	OPTIONS	/bcnmin/users/profile	http://localhost:3000
20230222	21:58:42	ca100339-66d8-46c6-a94b-281b60f1e3de	OPTIONS	/bcnmin/refresh	http://localhost:3000
20230222	21:58:42	da4adf56-1422-4431-9786-fe7821d83e71	GET	/bcnmin/refresh	http://localhost:3000
20230222	21:58:42	ad8662d8-c7d5-416b-87bb-02b9b79459b3	GET	/bcnmin/users/profile	http://localhost:3000
20230222	21:58:42	8cb81a28-64d6-43a5-b7f0-829fbccf0802	GET	/bcnmin/users/profile	http://localhost:3000
20230222	21:59:30	93ecee00-cc2f-4c61-9394-fe04d7e1afa5	GET	/bcnmin/blogs	http://localhost:3000
20230222	21:59:30	78fe9563-eb59-4e62-81b9-2ddb5efd3a6c	OPTIONS	/bcnmin/users/profile	http://localhost:3000
20230222	21:59:30	3f969637-c262-45e3-9a24-56c95760dc07	OPTIONS	/bcnmin/refresh	http://localhost:3000
20230222	21:59:30	a156eda1-8102-4865-a485-c43fdbc56026	GET	/bcnmin/users/profile	http://localhost:3000
20230222	21:59:30	57c219ac-b36d-47e2-8142-c935c5a1623d	GET	/bcnmin/refresh	http://localhost:3000
20230222	21:59:30	0e7796d9-91a6-4461-a456-2b74a4d5ec3b	GET	/bcnmin/users/profile	http://localhost:3000
20230222	21:59:42	ec7866f7-cdbc-4dc4-8d4d-66e67a1faecc	OPTIONS	/bcnmin/users/profile	http://localhost:3000
20230222	21:59:42	ff92d006-1716-466e-bc0f-24ef0cebc3ec	OPTIONS	/bcnmin/refresh	http://localhost:3000
20230222	21:59:42	89bfc454-c59f-4173-97b2-e9c98eb26632	GET	/bcnmin/blogs	http://localhost:3000
20230222	21:59:42	54d18ca0-48cc-4cbc-9b60-cd799d6a9ee9	GET	/bcnmin/users/profile	http://localhost:3000
20230222	21:59:42	91046ae1-b818-46a2-afdf-25f1cf3820ad	GET	/bcnmin/refresh	http://localhost:3000
20230222	21:59:42	8dad69ab-8acf-4ef8-939d-e586f4ccf5a9	GET	/bcnmin/users/profile	http://localhost:3000
20230222	22:00:13	426d2ff7-b071-4fc0-94f8-28f979ad1f9c	OPTIONS	/bcnmin/users/profile	http://localhost:3000
20230222	22:00:13	b39628ab-fc03-428b-9005-d6b0a59ee749	OPTIONS	/bcnmin/refresh	http://localhost:3000
20230222	22:00:13	93c5759e-75e5-4789-b823-9565e50964b3	GET	/bcnmin/blogs	http://localhost:3000
20230222	22:00:13	477611eb-b76b-40c0-9aa0-2602e2d49c06	GET	/bcnmin/users/profile	http://localhost:3000
20230222	22:00:13	99bbbf31-b265-44f9-bae4-c7e9c2431a11	GET	/bcnmin/refresh	http://localhost:3000
20230222	22:00:13	7e652a7a-57ec-4db9-b9f9-c8f4aaa187ec	GET	/bcnmin/users/profile	http://localhost:3000
20230222	22:00:25	61f95cbf-89ec-4623-8fd4-9fb0c1e2efbb	OPTIONS	/bcnmin/users/profile	http://localhost:3000
20230222	22:00:25	4f8e94ac-7097-4c6e-8413-6d2e2a726fc7	GET	/bcnmin/blogs	http://localhost:3000
20230222	22:00:25	c251a6e7-8e5d-41dc-8a4e-7c30995e0514	OPTIONS	/bcnmin/refresh	http://localhost:3000
20230222	22:00:25	c01533ba-3b38-4f28-bfb0-75e98dddb74d	GET	/bcnmin/users/profile	http://localhost:3000
20230222	22:00:25	25ede8aa-8775-467c-ad85-8ec30d4645b7	GET	/bcnmin/refresh	http://localhost:3000
20230222	22:00:25	11984fe0-8142-45b0-998d-77832beb14fd	GET	/bcnmin/users/profile	http://localhost:3000
20230222	22:00:37	244b6daa-7594-46cf-9e2f-2dbda706f0bb	OPTIONS	/bcnmin/logout	http://localhost:3000
20230222	22:00:37	2b3391a7-ee1a-488b-94cc-4b2e72337d87	POST	/bcnmin/logout	http://localhost:3000
20230222	22:00:37	beb70722-de51-483d-bfed-6abc04d2dcfa	GET	/bcnmin/blogs	http://localhost:3000
20230222	22:02:33	a03ce5ff-1f22-4887-8394-30c371332fc9	GET	/bcnmin/blogs	http://localhost:3000
20230222	22:10:59	bd0470c5-8d79-48ea-9f2b-cb3516dd310f	GET	/bcnmin/blogs	http://localhost:3000
20230222	22:11:04	968e1b9a-9b55-4a88-914b-f09d90ad69ed	OPTIONS	/bcnmin/auth	http://localhost:3000
20230222	22:11:04	52e552b4-52c1-4e48-9dd7-b067e9bd46b9	POST	/bcnmin/auth	http://localhost:3000
20230222	22:11:04	370e764d-f3d2-449a-bdc3-c4790f5675f1	OPTIONS	/bcnmin/users/profile	http://localhost:3000
20230222	22:11:04	b25c68dd-4040-4798-b124-472f797c14d9	GET	/bcnmin/users/profile	http://localhost:3000
20230222	22:11:04	ab58f75d-d4ce-4b6d-b03a-d3864639211d	GET	/bcnmin/blogs	http://localhost:3000
20230222	22:11:04	3453d7ed-0d2b-4b8d-8e6a-0ee8578f95eb	GET	/bcnmin/users/profile	http://localhost:3000
20230222	22:11:06	da718d6e-f9f2-4a00-9ac5-358be517b981	OPTIONS	/bcnmin/favorites/63f68036971377bb8caf2a8c	http://localhost:3000
20230222	22:11:06	97e40d70-5098-4058-a764-a067bc8c2aa1	POST	/bcnmin/favorites/63f68036971377bb8caf2a8c	http://localhost:3000
20230222	22:11:09	75926af0-4ae3-4753-9f2e-eb1d0b04cf45	DELETE	/bcnmin/favorites/63f68036971377bb8caf2a8c	http://localhost:3000
20230222	22:11:10	bdfee2f0-b603-4795-ba33-250308ddeee2	OPTIONS	/bcnmin/favorites/63f67ffc971377bb8caf2a8a	http://localhost:3000
20230222	22:11:10	107d075f-464b-48aa-9ee6-f8225b7ba9bb	DELETE	/bcnmin/favorites/63f67ffc971377bb8caf2a8a	http://localhost:3000
20230222	22:11:11	e53c0c17-8fae-44f0-a670-089d1c7acc77	OPTIONS	/bcnmin/logout	http://localhost:3000
20230222	22:11:11	fd67ed52-38ea-444a-ad7d-47838882cf9a	POST	/bcnmin/logout	http://localhost:3000
20230222	22:11:11	0ae6e308-40b1-423f-a606-93004b3dd645	GET	/bcnmin/blogs	http://localhost:3000
20230225	19:44:55	95d9d745-d8b4-43db-abce-fd2e15e9d242	POST	/notepad/contact	undefined
20230225	19:45:06	8404500f-f5c7-4ed1-b7f5-9d88ef008c2c	POST	/notepad/contact	undefined
20230227	19:31:18	f9fc6598-ccfc-405c-a902-b58d593d9d53	GET	/blogs	undefined
20230227	19:31:20	edcf61ba-491f-44ee-b9e3-714bfeeed585	GET	/bcnmin/blogs	http://localhost:3000
20230227	19:31:31	e95aab6e-ffe8-45f1-84c4-d858feb584cf	GET	/bcnmin/blogs	http://localhost:3000
20230227	19:31:32	a9c667f4-dc67-49f0-8cd3-abfd2805e3f4	GET	/bcnmin/comments	http://localhost:3000
20230227	19:31:33	dcd96f89-edb5-436b-8bc1-c6b771bb9dd2	GET	/bcnmin/blogs	http://localhost:3000
20230227	19:31:45	6b53a668-e886-4205-a36e-dbf85ee02abf	OPTIONS	/bcnmin/auth	http://localhost:3000
20230227	19:31:45	46e6538d-addd-41f9-9683-e6e14ca4368d	POST	/bcnmin/auth	http://localhost:3000
20230227	19:31:45	ef45885b-ecc3-47e4-8ab4-121283be1334	OPTIONS	/bcnmin/users/profile	http://localhost:3000
20230227	19:31:45	75a8093a-54eb-4e82-9804-53c18277fa92	GET	/bcnmin/users/profile	http://localhost:3000
20230227	19:31:45	2bc2a3b0-e212-4fed-afa4-809cbc6d9744	GET	/bcnmin/blogs	http://localhost:3000
20230227	19:31:45	940b27d1-e9fb-45ea-b606-4f6ff7cc52f8	GET	/bcnmin/users/profile	http://localhost:3000
20230227	19:31:48	3d70a96d-e283-4205-a9b5-311a51301b31	OPTIONS	/bcnmin/favorites/63f68036971377bb8caf2a8c	http://localhost:3000
20230227	19:31:48	b786cb2c-d794-433d-a806-062d04194002	DELETE	/bcnmin/favorites/63f68036971377bb8caf2a8c	http://localhost:3000
20230227	19:31:50	95e2013c-72d7-4a32-9b77-a21f6fd2a454	OPTIONS	/bcnmin/logout	http://localhost:3000
20230227	19:31:50	0e2356da-640f-4e32-86be-93cce5199f92	POST	/bcnmin/logout	http://localhost:3000
20230227	19:31:50	b56b137e-b6f3-4ba7-8421-ebd1c4553764	GET	/bcnmin/blogs	http://localhost:3000
20230227	19:31:55	44de5e36-49a5-46cb-9b35-6edb6b39daac	OPTIONS	/bcnmin/auth	http://localhost:3000
20230227	19:31:55	0d163196-2d41-4a6a-bca0-002c4b9c2a7c	POST	/bcnmin/auth	http://localhost:3000
20230227	19:31:59	2a19f325-eb9b-4f9f-9a23-fcad1ca2583e	POST	/bcnmin/auth	http://localhost:3000
20230227	19:31:59	d97b8155-ee24-4c40-ba47-559de9a85b1d	OPTIONS	/bcnmin/users/profile	http://localhost:3000
20230227	19:31:59	c2b0e989-4490-4252-9d7b-f477078441a5	GET	/bcnmin/users/profile	http://localhost:3000
20230227	19:31:59	91b26f9c-2b4b-4368-9990-a09a8e8accf5	GET	/bcnmin/blogs	http://localhost:3000
20230227	19:31:59	afb5db18-b70f-442a-b45c-91227288e796	GET	/bcnmin/users/profile	http://localhost:3000
20230227	19:32:01	b2a1e125-bc14-4201-ab26-e800ba238ec9	OPTIONS	/bcnmin/favorites/63f68036971377bb8caf2a8c	http://localhost:3000
20230227	19:32:01	57ebcf41-df81-4a79-ad0a-cd6f76b6daad	POST	/bcnmin/favorites/63f68036971377bb8caf2a8c	http://localhost:3000
20230227	19:32:03	ffd1134f-a692-4934-bc75-d7c9f1412aec	DELETE	/bcnmin/favorites/63f68036971377bb8caf2a8c	http://localhost:3000
20230227	19:32:05	aa5c94d3-9a9b-413f-8af7-1cad3fccbd11	OPTIONS	/bcnmin/users/profile	http://localhost:3000
20230227	19:32:05	33fbb592-bb95-4268-b291-391635f2a6db	GET	/bcnmin/blogs	http://localhost:3000
20230227	19:32:05	b3b2eeaf-88b6-4c8f-8b1c-4392564b5cc2	GET	/bcnmin/users/profile	http://localhost:3000
20230227	19:32:06	b5c7dfe1-404f-4dc6-8200-579e62d841e1	OPTIONS	/bcnmin/favorites/63f67ffc971377bb8caf2a8a	http://localhost:3000
20230227	19:32:06	7d8277f6-7c5d-4d2c-b8d7-7c3b87b16c50	POST	/bcnmin/favorites/63f67ffc971377bb8caf2a8a	http://localhost:3000
20230227	19:32:07	a2b41ae3-0163-41a4-b29b-553724bed5ad	OPTIONS	/bcnmin/favorites/63f67f91971377bb8caf2a87	http://localhost:3000
20230227	19:32:07	28078904-cdce-4bee-8afc-cd0d042dbe42	POST	/bcnmin/favorites/63f67f91971377bb8caf2a87	http://localhost:3000
20230227	19:32:09	379cf36b-f820-48e5-9ade-09b975264744	DELETE	/bcnmin/favorites/63f67ffc971377bb8caf2a8a	http://localhost:3000
20230227	19:35:26	aa419dfc-85e2-4a53-bd70-ba237886bc27	OPTIONS	/bcnmin/refresh	http://localhost:3000
20230227	19:35:26	1fc3d487-9cf1-4f9c-8f60-0afd68683f5f	GET	/bcnmin/refresh	http://localhost:3000
20230227	19:35:26	eb244bbb-ccd6-4ab9-a786-4ba7a3601565	OPTIONS	/bcnmin/users/profile	http://localhost:3000
20230227	19:35:26	8fb8c192-5ede-44e3-ac7c-43da403fd4dc	GET	/bcnmin/users/profile	http://localhost:3000
20230227	19:35:31	f03c7e6e-01b4-4f48-ac7e-dfae3b186fd8	GET	/bcnmin/refresh	http://localhost:3000
20230227	19:35:31	81ec4497-4de1-412c-818c-3d50ba85daf9	GET	/bcnmin/users/profile	http://localhost:3000
20230227	19:35:32	f4a3c250-77c8-4b69-b74f-31f19b75e3d5	OPTIONS	/bcnmin/logout	http://localhost:3000
20230227	19:35:32	b5dc12f4-24af-426b-906d-2c1815ce939c	POST	/bcnmin/logout	http://localhost:3000
20230227	19:35:33	4a8e24db-5667-48bc-9254-f922d44cc96b	GET	/bcnmin/blogs	http://localhost:3000
20230227	19:35:37	71292b83-e6e9-4b00-a77f-6c8f6d0defc6	OPTIONS	/bcnmin/auth	http://localhost:3000
20230227	19:35:37	bb92c1c0-96fa-4198-a51e-204b875c3d3e	POST	/bcnmin/auth	http://localhost:3000
20230227	19:35:37	d937bfe2-2e7b-4f82-8876-e5765166f2ea	OPTIONS	/bcnmin/users/profile	http://localhost:3000
20230227	19:35:37	5a978d7b-d1fe-4d1d-8122-277371cba7c0	GET	/bcnmin/users/profile	http://localhost:3000
20230227	19:35:37	d3381761-cfef-46dd-b544-09e13a28de9b	GET	/bcnmin/blogs	http://localhost:3000
20230227	19:35:37	eca3b477-91dc-4077-9bf2-29d9781b7c72	GET	/bcnmin/users/profile	http://localhost:3000
20230227	19:35:40	33b2241d-78a1-4989-b81f-2c9654e78242	OPTIONS	/bcnmin/favorites/63f67f91971377bb8caf2a87	http://localhost:3000
20230227	19:35:40	0ba8c37d-4c66-4285-9ec9-820d0b59cf49	DELETE	/bcnmin/favorites/63f67f91971377bb8caf2a87	http://localhost:3000
20230227	19:35:43	f0e6e9c1-2d74-4d61-9cab-c7ba69e6d7be	OPTIONS	/bcnmin/refresh	http://localhost:3000
20230227	19:35:43	379501fc-f349-4c97-ba7f-015e887d282a	GET	/bcnmin/refresh	http://localhost:3000
20230227	19:35:43	fbf70465-20d2-423e-9612-9fe17acbe28e	OPTIONS	/bcnmin/users/profile	http://localhost:3000
20230227	19:35:43	70acc73e-8b7e-412c-afb9-f1b6b37d5037	GET	/bcnmin/users/profile	http://localhost:3000
20230227	19:35:45	295369a6-a9f1-4fc0-97b7-8e69415f46cd	OPTIONS	/bcnmin/logout	http://localhost:3000
20230227	19:35:45	a81baab6-fd16-46d1-a58a-24ad170dc104	POST	/bcnmin/logout	http://localhost:3000
20230227	19:35:45	083d035b-45fd-4dc6-beb7-c388a730eee5	GET	/bcnmin/blogs	http://localhost:3000
20230227	19:35:49	07463a1f-ba43-44c5-afc4-f235cfb06b0d	OPTIONS	/bcnmin/auth	http://localhost:3000
20230227	19:35:49	83d39dbf-3f15-48a4-af8a-3bb4b5d851bb	POST	/bcnmin/auth	http://localhost:3000
20230227	19:35:49	f8f9c76d-aee6-4902-862a-d699816712d3	OPTIONS	/bcnmin/users/profile	http://localhost:3000
20230227	19:35:49	78ef6bea-db1e-4806-82b6-263da67c8176	GET	/bcnmin/users/profile	http://localhost:3000
20230227	19:35:49	6d8a3f67-2635-476a-9a2b-19e7eab8344c	GET	/bcnmin/blogs	http://localhost:3000
20230227	19:35:49	f35ce313-0d57-4d0e-ac24-9a0ecc16f14d	GET	/bcnmin/users/profile	http://localhost:3000
20230227	19:35:52	e22d4e89-3d02-41b3-baac-45c21743b88f	OPTIONS	/bcnmin/refresh	http://localhost:3000
20230227	19:35:52	dc2de745-55b1-478d-8d08-9ec7403a147a	GET	/bcnmin/blogs	http://localhost:3000
20230227	19:35:52	a8e726f6-ea30-4635-9f9b-1f1292fc088e	GET	/bcnmin/users/profile	http://localhost:3000
20230227	19:35:52	0b8dfb62-ef21-486c-aa94-7b0565761a8f	GET	/bcnmin/refresh	http://localhost:3000
20230227	19:35:52	912d545b-63ba-42d1-b9c5-00e2393c2e05	GET	/bcnmin/users/profile	http://localhost:3000
20230227	19:35:53	06840435-7365-405a-b174-5ba5dce151f8	GET	/bcnmin/comments	http://localhost:3000
20230227	19:35:53	285ad73d-53db-4bf6-a8eb-bdd69e369ef0	GET	/bcnmin/users/profile	http://localhost:3000
20230227	19:35:55	f2f4f121-5106-41ad-97ed-72db73a81ff5	GET	/bcnmin/comments	http://localhost:3000
20230227	19:35:55	d863554d-3ed5-42dd-bf35-026bcf21c022	OPTIONS	/bcnmin/users/profile	http://localhost:3000
20230227	19:35:55	89041739-3801-4173-9581-9e4694a80144	GET	/bcnmin/refresh	http://localhost:3000
20230227	19:35:55	5340f217-1f3f-4f34-96de-a7d27e9d1ac4	GET	/bcnmin/users/profile	http://localhost:3000
20230227	19:35:55	0410fd97-8146-4504-9a6c-efff06f8bea2	GET	/bcnmin/users/profile	http://localhost:3000
20230227	19:35:58	f3d4b693-efd9-4ebf-82f2-7400844663ef	OPTIONS	/bcnmin/refresh	http://localhost:3000
20230227	19:35:58	bb08b605-cd77-4a38-a1b8-114187af89f4	GET	/bcnmin/refresh	http://localhost:3000
20230227	19:35:59	9e7227d7-c476-4c70-8b08-eeefadeb88e4	GET	/bcnmin/users/profile	http://localhost:3000
20230227	19:36:06	675a1f02-2dcb-4dcd-87af-ba17b77a3254	GET	/bcnmin/blogs	http://localhost:3000
20230227	19:36:06	f23b7d61-abcc-4158-bae4-47a1e1ba1497	OPTIONS	/bcnmin/users/profile	http://localhost:3000
20230227	19:36:06	68822e51-651e-42a5-aa6a-3f0b598407c8	GET	/bcnmin/users/profile	http://localhost:3000
20230227	19:36:07	181ecb94-46b0-44ee-a659-ae7125551e10	OPTIONS	/bcnmin/favorites/63f68036971377bb8caf2a8c	http://localhost:3000
20230227	19:36:07	b4efcac0-15ce-42b8-85bd-0926433952eb	POST	/bcnmin/favorites/63f68036971377bb8caf2a8c	http://localhost:3000
20230227	19:36:09	1295c53c-3ae5-4d07-8732-11f450c0d6b0	DELETE	/bcnmin/favorites/63f68036971377bb8caf2a8c	http://localhost:3000
20230227	19:36:11	8322d1d7-738a-40d2-8182-d9a4d99af5e8	OPTIONS	/bcnmin/logout	http://localhost:3000
20230227	19:36:11	1231c805-e360-489c-b7cb-b3056056f2a1	POST	/bcnmin/logout	http://localhost:3000
20230227	19:36:11	09261a1b-7dd8-4f9c-8289-bfcc856e9ffb	GET	/bcnmin/blogs	http://localhost:3000
20230227	19:36:24	3a3be1fa-54e9-4765-b912-f63ba6245391	OPTIONS	/bcnmin/register	http://localhost:3000
20230227	19:36:24	41ec12a3-c916-4cab-9ea0-e53755de62c9	POST	/bcnmin/register	http://localhost:3000
20230227	19:36:24	25c33527-0a6b-4d0f-bba3-3f4b9ed81706	OPTIONS	/bcnmin/users/profile	http://localhost:3000
20230227	19:36:24	2380c705-0457-4c9e-a971-90b6cc3f2002	GET	/bcnmin/users/profile	http://localhost:3000
20230227	19:36:54	01446a87-e064-4d5f-9ca9-85d553f03d72	OPTIONS	/bcnmin/logout	http://localhost:3000
20230227	19:36:54	7b480bbe-1a73-4f0f-bdf9-8a321eb20a43	POST	/bcnmin/logout	http://localhost:3000
20230227	19:36:54	b32ff914-9198-40bb-b359-03c1639b0c02	GET	/bcnmin/blogs	http://localhost:3000
20230227	19:37:02	b80a05ff-9e4a-4936-b115-85fe21dcd92f	OPTIONS	/bcnmin/auth	http://localhost:3000
20230227	19:37:02	8cabe48f-7e4b-4b65-9e45-3eb1e162cf6a	POST	/bcnmin/auth	http://localhost:3000
20230227	19:37:02	d526c471-0ba0-4286-a5da-563a23b7f870	OPTIONS	/bcnmin/users/profile	http://localhost:3000
20230227	19:37:02	9e40224f-3890-4c66-80f6-a7412bba6cbc	GET	/bcnmin/users/profile	http://localhost:3000
20230227	19:37:02	f5feba8d-9f24-4322-9d01-76f77ea86d2a	GET	/bcnmin/blogs	http://localhost:3000
20230227	19:37:02	f51e21c6-202c-497d-a0d4-c2697974ba93	GET	/bcnmin/users/profile	http://localhost:3000
20230227	19:37:06	856aff9f-1266-4fc4-af22-bbfbcca17166	OPTIONS	/bcnmin/refresh	http://localhost:3000
20230227	19:37:06	9b3fba3f-17fe-4ecd-85cf-6d0ff2b5cb9d	GET	/bcnmin/blogs	http://localhost:3000
20230227	19:37:06	6b4f6572-8a4d-47a9-9e4c-61bb66a6d1a1	GET	/bcnmin/users/profile	http://localhost:3000
20230227	19:37:06	591b3f07-aee9-4f3b-ad9b-f606ae2fa249	GET	/bcnmin/refresh	http://localhost:3000
20230227	19:37:06	acfa719f-2384-4377-a421-5e36cf7f23bc	GET	/bcnmin/users/profile	http://localhost:3000
20230227	19:37:09	914042d8-4ef8-4dd3-b172-a66be164cc00	GET	/bcnmin/blogs	http://localhost:3000
20230227	19:37:09	b966c905-464e-49f5-a85a-a411846afa7a	OPTIONS	/bcnmin/users/profile	http://localhost:3000
20230227	19:37:09	1050a5e4-053e-4a29-a6ee-6d7ec25a7f78	GET	/bcnmin/users/profile	http://localhost:3000
20230227	19:37:09	272d9cca-97e5-43b5-9fce-ee17f55b0e42	GET	/bcnmin/refresh	http://localhost:3000
20230227	19:37:09	d81bba16-849b-4b5d-98d6-39b62b2191ea	GET	/bcnmin/users/profile	http://localhost:3000
20230227	19:39:21	52d97516-8b3d-4d64-95b8-f4ddbf1febe0	OPTIONS	/bcnmin/logout	http://localhost:3000
20230227	19:39:21	38fdad3f-6b0d-47be-8790-bd3808157382	POST	/bcnmin/logout	http://localhost:3000
20230227	19:39:21	983a4e04-e493-47f6-a177-0db10740fda9	GET	/bcnmin/blogs	http://localhost:3000
20230227	19:39:33	ff6308ae-4f0a-438b-89be-ff71b89d0417	OPTIONS	/bcnmin/register	http://localhost:3000
20230227	19:39:33	bb607048-5322-4271-8b76-c7c98111e7d4	POST	/bcnmin/register	http://localhost:3000
20230227	19:39:33	9dd53063-00e1-4207-8c79-5d2544f38f69	OPTIONS	/bcnmin/users/profile	http://localhost:3000
20230227	19:39:33	cbcc5be6-d4e0-4483-bc40-f594b3e61352	GET	/bcnmin/users/profile	http://localhost:3000
20230227	19:40:30	ab742edb-abe2-46e9-afe0-4277225c40df	OPTIONS	/bcnmin/logout	http://localhost:3000
20230227	19:40:30	1a6903cd-2c64-4267-bfd3-93e759e49f0f	POST	/bcnmin/logout	http://localhost:3000
20230227	19:40:30	cb47d337-4e7d-4dee-99d2-aa8bb5d7629e	GET	/bcnmin/blogs	http://localhost:3000
20230227	19:40:49	483f7d39-c1be-4426-b279-59f13c1465dd	OPTIONS	/bcnmin/register	http://localhost:3000
20230227	19:40:49	945c4c73-8b50-4699-b9c1-a8e457c38e09	POST	/bcnmin/register	http://localhost:3000
20230227	19:40:49	c2cb780b-6356-4079-b61d-562a68653f12	OPTIONS	/bcnmin/users/profile	http://localhost:3000
20230227	19:40:49	d3f5a148-3c05-41d6-bcfa-79d84bfddb26	GET	/bcnmin/users/profile	http://localhost:3000
20230227	19:40:55	c4c309b4-385d-4bca-bb02-318075548cd7	OPTIONS	/bcnmin/register	http://localhost:3000
20230227	19:40:55	51b5b67d-730d-4758-8854-cf36ff1d4834	POST	/bcnmin/register	http://localhost:3000
20230227	19:41:02	7568dd21-e3e9-4394-9de5-13bcfeb8fe0c	OPTIONS	/bcnmin/register	http://localhost:3000
20230227	19:41:02	4bf14bcb-8f6a-4484-b481-64cc450b4e89	POST	/bcnmin/register	http://localhost:3000
20230227	19:41:02	c5ab4c54-3c02-47a1-b6fe-ee2e2ac095c7	OPTIONS	/bcnmin/users/profile	http://localhost:3000
20230227	19:41:02	9c59de97-d961-4525-911c-aae811f12e7d	GET	/bcnmin/users/profile	http://localhost:3000
20230227	19:41:23	3541efda-b6fb-4a2a-8149-515c7fa3d07f	OPTIONS	/bcnmin/refresh	http://localhost:3000
20230227	19:41:23	41e3a57a-2f0e-42b1-b1eb-d79af26bfed8	GET	/bcnmin/refresh	http://localhost:3000
20230227	19:44:52	ec4c4669-c483-4bb4-b56d-42604920dde9	OPTIONS	/bcnmin/register	http://localhost:3000
20230227	19:44:52	354ba824-df4d-42c5-89d5-470b6158425c	POST	/bcnmin/register	http://localhost:3000
20230227	19:46:21	0405a8b3-41fc-477f-b7c3-4f36747a6ddb	OPTIONS	/bcnmin/auth/register	http://localhost:3000
20230227	19:46:21	792747ca-525d-4422-ad43-a7d65dce2afb	POST	/bcnmin/auth/register	http://localhost:3000
20230227	19:46:21	be0f8648-c071-4c38-8ca3-6982f27ec993	OPTIONS	/bcnmin/users/profile	http://localhost:3000
20230227	19:46:21	1ddb344f-7068-43b0-84b7-9391c4f744f2	GET	/bcnmin/users/profile	http://localhost:3000
20230227	19:46:33	4aeb61cd-a6a7-4e29-b3cb-27b2e8705a4e	OPTIONS	/bcnmin/logout	http://localhost:3000
20230227	19:46:33	681719e3-89af-452e-b991-18dd494b6d79	POST	/bcnmin/logout	http://localhost:3000
20230227	19:46:33	af96881d-2b00-46ea-9ab3-346fdebe061f	GET	/bcnmin/blogs	http://localhost:3000
20230227	19:46:44	2f4b32c1-d43f-4c2d-a097-64316f388336	OPTIONS	/bcnmin/auth/register	http://localhost:3000
20230227	19:46:44	e845220b-ad89-4362-8f02-9713e512c850	POST	/bcnmin/auth/register	http://localhost:3000
20230227	19:46:44	d2062a3f-1c64-4e9a-a95b-55acda754d0d	OPTIONS	/bcnmin/users/profile	http://localhost:3000
20230227	19:46:44	964f96bc-c571-4b75-81eb-ee87a39f212b	GET	/bcnmin/users/profile	http://localhost:3000
20230227	19:47:48	0a2c7244-cf74-4331-9580-832c4af63d88	GET	/bcnmin/blogs	http://localhost:3000
20230227	19:47:48	1595b757-3ad9-4321-969a-e0ce643c5a27	OPTIONS	/bcnmin/users/profile	http://localhost:3000
20230227	19:47:48	90b50c01-067e-4060-abd6-464fcfa393ce	GET	/bcnmin/users/profile	http://localhost:3000
20230227	19:47:57	4e9bcd9c-74a4-47e6-adf7-1013828e60e0	GET	/bcnmin/blogs	http://localhost:3000
20230227	19:48:09	4d01b048-27a7-447d-a864-3deb354adc19	OPTIONS	/bcnmin/auth/register	http://localhost:3000
20230227	19:48:09	6bc7d1af-47d5-4ecf-916a-3787a5f1f2cb	POST	/bcnmin/auth/register	http://localhost:3000
20230227	19:48:09	4149280c-ec57-4b02-a8bf-39ad82cd7e2d	OPTIONS	/bcnmin/users/profile	http://localhost:3000
20230227	19:48:09	21136187-fb23-4d00-8d52-fa8574d04e2f	GET	/bcnmin/users/profile	http://localhost:3000
20230227	19:48:09	4ae93850-abfd-4f95-a6c4-7efcf903e7b0	GET	/bcnmin/blogs	http://localhost:3000
20230227	19:48:09	049e0456-275d-4af6-95db-e5a77d4036c3	GET	/bcnmin/users/profile	http://localhost:3000
20230227	19:48:12	984ba5fb-79a4-47eb-8158-b3f371eb9ed4	OPTIONS	/bcnmin/logout	http://localhost:3000
20230227	19:48:12	db516fab-348e-4f30-8978-29aee27bbd8c	POST	/bcnmin/logout	http://localhost:3000
20230227	19:48:12	27618d17-1dcc-447d-87ef-fa78e0585f87	GET	/bcnmin/blogs	http://localhost:3000
20230302	18:45:28	7d2f6940-41a7-4a22-b740-340362bfd541	OPTIONS	/portfolio/contact	http://localhost:3000
20230302	18:45:28	bccb5f56-5101-44b1-a9a0-9cf7c216a6f1	POST	/portfolio/contact	http://localhost:3000
20230302	18:46:07	5f84b19f-5c9c-4f6d-a883-89b9a0c416de	OPTIONS	/portfolio/contact	http://localhost:3000
20230302	18:46:07	283279fc-4050-47a1-ac07-bb035111e27b	POST	/portfolio/contact	http://localhost:3000
20230302	18:47:28	91f83026-1744-4732-a989-c8ea17488447	OPTIONS	/portfolio/contact	http://localhost:3000
20230302	18:47:28	d0167535-cfc3-4df1-bd4b-ab1c74df5218	POST	/portfolio/contact	http://localhost:3000
20230403	22:27:29	1e1997c2-3ec2-48f5-905a-e62e7b86058a	GET	/notepad/data/2023-04-03	http://localhost:3000
20230403	22:28:34	36c54b65-06ad-4557-8769-9b853c38fc9b	GET	/notepad/data/2023-04-03	http://localhost:3000
20230403	22:30:25	57dbc3bc-2842-4bc5-96d5-0495fab53df5	GET	/notepad/data/2023-04-03	http://localhost:3000
20230403	22:36:45	cecfc4e3-7467-4542-b5bb-3b446ebcf6bf	POST	/notepad/data	undefined
20230403	23:12:28	96f29855-49fc-4e96-8a2d-90b58d326f3a	POST	/notepad/data	undefined
20230403	23:14:32	eea34b35-0a85-4e82-a26d-f7f85058d1fa	GET	/notepad/data/2023-04-03	http://localhost:3000
20230403	23:14:49	5eb6603a-b421-40c3-b9bf-594bdd7f0895	GET	/notepad/data/2023-04-03	http://localhost:3000
20230403	23:14:55	725378f8-3f3d-445c-860a-68a21222dad7	GET	/notepad/data/2023-04-02	http://localhost:3000
20230403	23:14:56	e740a3de-ba7c-4b6c-a2f3-f99808c954b5	GET	/notepad/data/2023-04-03	http://localhost:3000
20230403	23:19:53	0167d68d-a3c2-43d2-8620-0dd16eacf75c	GET	/notepad/data/2023-04-03	http://localhost:3000
20230426	22:30:19	7a5bceec-7163-49b6-bd84-0c397388f98d	POST	/notepad/data	undefined
20230427	07:47:12	e3b85b38-c6f1-47ac-8bdf-ab8ab91c6c01	POST	/notepad/data	undefined
20230428	07:32:00	29925098-9c5b-451e-aaa9-8ea0c6557f00	POST	/notepad/data	undefined
20230428	07:34:00	a794915f-dfdf-4652-822d-6ba6a5fd30f9	POST	/notepad/data	undefined
20230428	07:35:00	8cc6dd5e-6efb-44fc-b5e8-a1eebdf482af	POST	/notepad/data	undefined
20230508	13:56:37	7f09529c-47d7-43f4-abab-130b346d15d1	GET	/fantasticfy/data/products	http://localhost:3000
20230508	13:57:48	cf95ba70-e95a-48aa-b427-59e213b92df9	GET	/fantasticfy/data/products	http://localhost:3000
20230508	13:58:34	3f6d547b-0f6f-4a40-957e-7efe82bd6c77	GET	/fantasticfy/data/products	http://localhost:3000
20230513	18:57:23	6fc06908-6741-4629-b577-f657f0674ad2	POST	/notepad/data	undefined
20230523	06:50:00	aa71d9b0-d344-44af-90e9-15a76f950bb5	POST	/log	undefined
20230523	07:00:00	e7ea95c5-9001-4f17-8ba0-d81fcbcfbf2a	POST	/log	undefined
20230524	22:14:13	0d57f3e1-bd12-4401-b584-b0c168439874	GET	/auth/google	undefined
20230524	22:16:16	4a517647-60f8-4fec-8bec-457c39be2180	GET	/auth/google	undefined
20230524	22:19:52	00d57a9f-9474-467e-a5c8-fa4168f3486b	GET	/auth/google	undefined
20230524	22:19:56	674e3845-b872-41dc-9fd1-78a1794b5a66	GET	/auth/google/callback?code=4%2F0AbUR2VNA-VQOQZvXVjRTAb_O242e-zUIN9abcK-rOas-LoEk-VPBhxz-G0Pq_i_rVxG5Ew&scope=profile+https%3A%2F%2Fwww.googleapis.com%2Fauth%2Fuserinfo.profile	undefined
20230524	22:21:39	ac400360-255d-47db-842b-1ee1a17c4500	GET	/auth/google/callback?code=4%2F0AbUR2VM4Tnn-pItcWu6DNrW0zs3pqbh2aEUf0jm46NPhDvy_97KzB9nzatTBU2rro89cxA&scope=profile+https%3A%2F%2Fwww.googleapis.com%2Fauth%2Fuserinfo.profile	undefined
20230524	22:28:22	e3fff901-f9ec-464f-8fe0-e32cc854f25b	GET	/auth/google	undefined
20230524	22:28:23	5ca9e620-c1b2-4a63-a9e9-65151766118e	GET	/auth/google/callback?code=4%2F0AbUR2VM_eHngbrUPpkDvj2sVbbM4RkM6kIQQ8gD3Wsqn8uhdZaLf3XlVGAAMjkZZYa7yqA&scope=profile+https%3A%2F%2Fwww.googleapis.com%2Fauth%2Fuserinfo.profile	undefined
20230524	22:28:28	4b370b4c-68bf-4bed-8938-0e817c911d06	GET	/auth/google	undefined
20230524	22:28:28	b8a22c0f-a7dd-46e5-a27c-420a555d318c	GET	/auth/google/callback?code=4%2F0AbUR2VO4OEszIevfyn0i0W0DFIHjOPWTtqI8rnLGc2lBbldE7kuux31Q9IcE1eI11WIhPg&scope=profile+https%3A%2F%2Fwww.googleapis.com%2Fauth%2Fuserinfo.profile	undefined
20230524	22:31:23	56ac15a3-1366-47fb-9cbb-280165658097	GET	/auth/google	undefined
20230524	22:31:23	de49a55f-17a5-4dfc-88cd-58a505491de3	GET	/auth/google/callback?code=4%2F0AbUR2VP4f7fQ-M1ZDn56nfWQ7C3b-Vb7jVreUD4uR-Gs7CAmXY8BycokJ5aaNpUfL0xNWw&scope=profile+https%3A%2F%2Fwww.googleapis.com%2Fauth%2Fuserinfo.profile	undefined
20230524	22:39:19	cabef7c1-ad70-4f3f-ac9c-11813ef4dc4f	GET	/auth/google	undefined
20230524	22:39:19	2cbefe0e-edf8-49d1-a7fc-24bbd9dbd784	GET	/auth/google/callback?code=4%2F0AbUR2VPd45DP7IHtVgVtpkSNUS_R4Rqh9DABtRniJb5aVSuBID92vNf5naCIUIi4WuAlrQ&scope=profile+https%3A%2F%2Fwww.googleapis.com%2Fauth%2Fuserinfo.profile	undefined
20230524	22:39:57	9c5d2c1c-2bb4-4c9b-9123-e9d527f4314a	GET	/auth/google	undefined
20230524	22:39:58	a0feebda-549b-4b1d-9cb2-4fbf3208bb67	GET	/auth/google/callback?code=4%2F0AbUR2VMz0ikxOBl5F2qoixzhNjrUYVyAIzd12F2hrYtBYxLfib5LtnCXLaYdupnlifN2PA&scope=profile+https%3A%2F%2Fwww.googleapis.com%2Fauth%2Fuserinfo.profile	undefined
20230524	22:40:19	6d53bad9-7803-4a52-9db8-5826eac0b7f9	GET	/auth/google	undefined
20230524	22:40:20	7f49799f-f1dd-46be-b4c5-7555ed6c4927	GET	/auth/google/callback?code=4%2F0AbUR2VMwOMnyB9XF7HVR32-R6in4rNTHInoJ7A8kecSRdltTHsTff1BPVoxgk0yiCmIntQ&scope=profile+https%3A%2F%2Fwww.googleapis.com%2Fauth%2Fuserinfo.profile	undefined
20230524	22:46:36	a681a241-4f86-4458-94c4-b54488005d73	OPTIONS	/auth/user	http://localhost:3000
20230524	22:46:37	9454c921-51e7-4fce-8967-72164672a11d	OPTIONS	/auth/user	http://localhost:3000
20230524	22:46:37	582fe1d7-af09-43c1-9fe8-c8016ee5af43	OPTIONS	/auth/user	http://localhost:3000
20230524	22:46:55	72aa0e86-7953-4277-a730-f8125c1ab1bb	OPTIONS	/auth/user	http://localhost:3000
20230524	22:47:23	21ba5845-7025-4b70-82bf-632e4161746c	GET	/auth/google	undefined
20230524	22:47:24	67fbade1-aaed-40f8-a12d-a751ea0b2d78	GET	/auth/google/callback?code=4%2F0AbUR2VOnsmwhUqzUDoYlEh1-RAfCFSzQJLBAOroKBgDQL6UYckmnUCWVJ1u713PeErIFpg&scope=profile+https%3A%2F%2Fwww.googleapis.com%2Fauth%2Fuserinfo.profile	undefined
20230524	22:47:25	cf16ecdd-6a15-4115-9fee-082e78278ef4	OPTIONS	/auth/user	http://localhost:3000
20230524	22:47:25	e2e82841-c0ec-4fd1-9ebf-9f99e2259cf7	OPTIONS	/auth/user	http://localhost:3000
20230524	22:48:49	e162ba7e-a45c-4b9a-982d-712e51803d1f	GET	/auth/google	undefined
20230524	22:48:49	5db80c45-9d97-4220-9115-15d1ec423635	GET	/auth/google/callback?code=4%2F0AbUR2VPyxt05cxvtW5M8adKvACxzTi17kb_PSyR76uvqfAEVrgsP4ZCjM8JLKm3stzINKA&scope=profile+https%3A%2F%2Fwww.googleapis.com%2Fauth%2Fuserinfo.profile	undefined
20230524	22:48:50	538fa760-f9ce-4506-ab0e-dfa0cb67f229	OPTIONS	/auth/user	http://localhost:3000
20230524	22:48:50	39891c03-47cb-4abe-a476-41b4735892bc	OPTIONS	/auth/user	http://localhost:3000
20230524	22:50:59	78ca2685-3fcf-48d3-95cd-e3369fb66346	OPTIONS	/auth/login/success	http://localhost:3000
20230524	22:51:05	41d474b2-5559-4196-a808-0aa4f2e4941f	GET	/auth/google	undefined
20230524	22:51:05	50b91450-a4ea-406d-b91a-0765018cb4d0	GET	/auth/google/callback?code=4%2F0AbUR2VOLLnGHKw9dO_U_HnY30mym5f-37GbBwAXHps-S0239Rb5DGP57iWXOHIUcUBZmig&scope=profile+https%3A%2F%2Fwww.googleapis.com%2Fauth%2Fuserinfo.profile	undefined
20230524	22:51:06	30591363-6529-46df-9500-7a634551c2fe	OPTIONS	/auth/login/success	http://localhost:3000
20230524	22:51:06	24de2bb1-d892-4ce5-b220-59f22b94c83a	OPTIONS	/auth/login/success	http://localhost:3000
20230524	22:52:34	5f67fe91-e154-434d-b9d8-b54c2edd303f	GET	/auth/google	undefined
20230524	22:52:34	6a76dcb4-0e61-4160-aa6c-4bd289cec907	GET	/auth/google/callback?code=4%2F0AbUR2VPQL1-TtxefCNC7vbxk-HkxdNhY6LfgdCT2lzNrbJ0Y6_95jxo2A_EKSYSjDY5KTA&scope=profile+https%3A%2F%2Fwww.googleapis.com%2Fauth%2Fuserinfo.profile	undefined
20230524	22:52:35	067ca0b1-7cae-4af2-b9f1-be71de373b33	OPTIONS	/auth/login/success	http://localhost:3000
20230524	22:52:35	2225dd5c-69a0-4c41-97f3-f872bb4a3ece	GET	/auth/login/success	http://localhost:3000
20230524	22:52:35	7ff8c8a3-6737-48b8-80a9-a05134325618	GET	/auth/login/success	http://localhost:3000
20230524	22:54:43	190b230f-4052-4ce3-9d87-e4d0de9312f7	GET	/auth/logout	undefined
20230524	22:56:51	fe86e155-4734-4a4f-8c1f-8adc54d9b076	OPTIONS	/auth/login/success	http://localhost:3000
20230524	22:56:51	4502bbcf-3278-4fc4-b3b4-7f424da895ea	OPTIONS	/auth/login/success	http://localhost:3000
20230524	22:56:51	88292fb9-aa0f-40de-b130-7ae7986728b1	GET	/auth/login/success	http://localhost:3000
20230524	22:56:55	6a4a0e0d-e213-4329-b935-31078b674b80	GET	/auth/google	undefined
20230524	22:56:55	cb6f213b-07c9-45fa-97b9-794508daf995	GET	/auth/google/callback?code=4%2F0AbUR2VOJ5LAGtSRQVjey6LwAJI4Z9sUxHoA2_Sz7LJlcwArx7-e4ykgQG_4-UaIJ3FNR3g&scope=profile+https%3A%2F%2Fwww.googleapis.com%2Fauth%2Fuserinfo.profile	undefined
20230524	22:56:56	ee6f9897-f99c-4ec2-bda3-be33ce90bac0	GET	/auth/login/success	http://localhost:3000
20230524	22:56:56	fc6c3f0a-049d-4ebe-8030-b8886c5568d0	GET	/auth/login/success	http://localhost:3000
20230524	22:56:56	714cd103-943f-4459-88ac-5bde8777945e	GET	/auth/login/success	http://localhost:3000
20230524	22:56:59	8810d623-0151-4925-86b2-75ca3c002384	GET	/auth/logout	undefined
20230524	22:57:00	311530ef-8557-4161-9aa1-c9b05af898a7	OPTIONS	/auth/login/success	http://localhost:3000
20230524	22:57:00	cbee5f51-d78e-4d9c-8e88-bd353f48457b	OPTIONS	/auth/login/success	http://localhost:3000
20230524	22:57:00	cf76b645-e289-47ce-8272-e6cfff3df1ac	GET	/auth/login/success	http://localhost:3000
20230524	22:57:00	d1205b4f-8f64-45cb-842c-910514c98b22	GET	/auth/login/success	http://localhost:3000
20230524	22:57:01	9929c2a2-3a4d-4c68-a396-e92db80dd67a	GET	/auth/logout	undefined
20230524	22:57:02	77788d3d-ee3d-4dce-95a8-a44212bd8cfb	GET	/auth/login/success	http://localhost:3000
20230524	22:57:02	539176f7-5092-4ed1-8e29-afd0fc233fed	GET	/auth/login/success	http://localhost:3000
20230524	22:57:11	c96b2970-b71e-45cc-a001-8534d4de97cb	GET	/auth/logout	undefined
20230524	22:57:11	9c6902ea-4293-4b1c-acfe-6a2b4db5407f	OPTIONS	/auth/login/success	http://localhost:3000
20230524	22:57:11	e4b770cf-beae-46f3-946f-8a70d7297254	OPTIONS	/auth/login/success	http://localhost:3000
20230524	22:57:11	e66747e2-6746-4caf-a401-05af8d1f5496	GET	/auth/login/success	http://localhost:3000
20230524	22:57:11	59dfb072-4770-495f-a86c-10de10205bfe	GET	/auth/login/success	http://localhost:3000
20230524	22:58:27	1db0d0d2-7539-4bf5-af6a-48fc2aa1277c	GET	/auth/logout	undefined
20230524	23:02:11	24a5b0cc-a660-4934-aac7-6de44d0f4e7d	OPTIONS	/auth/login/success	http://localhost:3000
20230524	23:02:11	ce094791-33a6-49e4-b8fc-d921def699f5	OPTIONS	/auth/login/success	http://localhost:3000
20230524	23:02:11	65c6d904-066b-4c59-9158-088485cc199b	GET	/auth/login/success	http://localhost:3000
20230524	23:02:18	3998d622-279f-4805-b239-efa638627ea9	GET	/auth/google	undefined
20230524	23:02:18	ad349e15-2304-4487-8652-bea7f21c0250	GET	/auth/google/callback?code=4%2F0AbUR2VOct6BeXYan90MgaR3_BNbzGW8CzDP24rVSDobnQjDfEBW968jKW58UEkbb2WfpxQ&scope=profile+https%3A%2F%2Fwww.googleapis.com%2Fauth%2Fuserinfo.profile	undefined
20230524	23:02:19	93aaac18-0713-44fe-9f72-0c873036baa6	OPTIONS	/auth/login/success	http://localhost:3000
20230524	23:02:19	e44dff6d-aef1-4775-b1a8-434f250a7b44	OPTIONS	/auth/login/success	http://localhost:3000
20230524	23:02:19	3b1c915e-2fd3-4f07-bb44-2db46471e65d	GET	/auth/login/success	http://localhost:3000
20230524	23:02:19	71196660-71d8-42f6-95ed-b82b5e28df0f	GET	/auth/login/success	http://localhost:3000
20230524	23:02:26	4db80253-9056-4c18-9b2d-065493b0a783	GET	/auth/logout	undefined
20230524	23:04:32	8db7f403-daee-401a-8d9f-9eac5e0c7696	OPTIONS	/auth/login/success	http://localhost:3000
20230524	23:04:32	0078b769-b8d3-4165-8e45-fa70e2564a04	OPTIONS	/auth/login/success	http://localhost:3000
20230524	23:04:32	c1cb846c-b58f-4d8a-a089-8946d8b079d1	GET	/auth/login/success	http://localhost:3000
20230524	23:04:37	43d4f31f-6eef-4553-86e5-51edd62962ed	GET	/auth/google	undefined
20230524	23:04:37	8e3b7695-83e9-4f17-8e56-09fa51faf9cf	GET	/auth/google/callback?code=4%2F0AbUR2VMVfUbvsq6K2hNkovhKGLWIz6qQd6NrL1sTfwFr0Qd_tjACWTB5BSxxGvWRj2wUCQ&scope=profile+https%3A%2F%2Fwww.googleapis.com%2Fauth%2Fuserinfo.profile	undefined
20230524	23:04:38	7b7ef4ea-7f6c-4907-8c15-0b454cd3f9d5	OPTIONS	/auth/login/success	http://localhost:3000
20230524	23:04:38	2ab02067-8f73-4117-be02-829a0f86277b	GET	/auth/login/success	http://localhost:3000
20230524	23:04:38	56171341-6da4-4a5e-bbf8-0e93790df066	OPTIONS	/auth/login/success	http://localhost:3000
20230524	23:04:38	69aaec41-2c39-4c9d-9c3c-70068069bc0f	GET	/auth/login/success	http://localhost:3000
20230524	23:04:41	0d254b1b-51af-4f3e-be7d-194909a119d3	GET	/auth/logout	undefined
20230524	23:04:41	b6ed8d11-d2aa-4544-acf5-43f65c99a839	GET	/	undefined
20230524	23:04:41	31725a82-a7fc-437a-8fca-ad3403498441	GET	/static/js/main.eac84be9.js	undefined
20230524	23:04:41	8a1d5ab8-b90b-40df-98ad-b9b52839eac6	GET	/static/css/main.073c9b0a.css	undefined
20230524	23:04:41	3d4878a9-78ac-43ab-9796-34b56d45e640	GET	/static/css/main.073c9b0a.css.map	undefined
20230524	23:04:41	22bf3e7b-3a7c-4eb0-89db-122889295a82	GET	/static/js/main.eac84be9.js.map	undefined
20230524	23:04:42	623d1fb0-e5d9-4631-88c6-43bc5fc63f4c	GET	/favicon.ico	undefined
20230524	23:04:42	31dd0ded-f408-4a31-bac7-bb996feaa7eb	GET	/manifest.json	undefined
20230524	23:04:42	c0df95d3-d7c0-4d36-9950-3bbea88b6753	GET	/logo192.png	undefined
20230524	23:04:42	9f9bad34-402f-44e1-95a4-9c796cf01c95	GET	/favicon.ico	undefined
20230524	23:04:42	261bb89f-8e8d-4109-a221-9e910a7a9f8a	GET	/logo192.png	undefined
20230524	23:04:42	e88cacc4-67e7-4210-b2da-999e6a770ca3	GET	/logo512.png	undefined
20230524	23:05:15	420552ae-c195-43a3-8707-6650dccc62f6	GET	/	undefined
20230524	23:05:15	c78246d1-5419-402d-8108-2804a4220c72	GET	/static/js/main.eac84be9.js	undefined
20230524	23:05:15	a45390f0-f855-41aa-8fbe-4a3003c7cebf	GET	/static/css/main.073c9b0a.css	undefined
20230524	23:05:15	aa29ef76-e1e3-46d8-9436-58335fff8ba5	GET	/static/js/main.eac84be9.js.map	undefined
20230524	23:05:15	0175b32c-02ed-41dc-ae23-ea151e30e3ec	GET	/static/css/main.073c9b0a.css.map	undefined
20230524	23:05:15	21dd7f82-1a10-45c3-8745-35e94970cf26	GET	/favicon.ico	undefined
20230524	23:05:15	461dc153-de42-4fde-a34a-25bda21837cd	GET	/manifest.json	undefined
20230524	23:05:15	511d05e7-6486-45bf-b264-1a82f501bc0b	GET	/logo192.png	undefined
20230524	23:05:26	47229a0a-0d0c-49ed-85e6-4504b49280da	OPTIONS	/auth/login/success	http://localhost:3000
20230524	23:05:26	c89f57d8-903b-4afb-abf0-9c038544713d	OPTIONS	/auth/login/success	http://localhost:3000
20230524	23:05:26	df0aadd4-5492-4e1d-87e1-f7afeb060098	GET	/auth/login/success	http://localhost:3000
20230524	23:05:31	d51447ba-be70-4de0-9ba8-eec14a163d60	GET	/auth/google	undefined
20230524	23:05:31	4ae08f9c-3bf8-4dbd-b797-9e854702cde4	GET	/auth/google/callback?code=4%2F0AbUR2VM4TL1WM4oz7gErTk6STulxPhdFx2AhbaB_C9tPNJoHYxohzNdosP9N1nvFxY6dOA&scope=profile+https%3A%2F%2Fwww.googleapis.com%2Fauth%2Fuserinfo.profile	undefined
20230524	23:05:32	3b4686f9-913c-4ec6-9173-b184c1ceb475	OPTIONS	/auth/login/success	http://localhost:3000
20230524	23:05:32	98558002-544d-4dcf-bfdd-52e984f3b399	GET	/auth/login/success	http://localhost:3000
20230524	23:05:32	89de4730-9993-4168-b86e-688d51dd7987	GET	/auth/login/success	http://localhost:3000
20230524	23:05:33	8433aca1-2cfc-41a8-bc56-710523f7ec40	GET	/auth/logout	undefined
20230524	23:05:34	f5282f1a-58af-4c60-8669-5c93e92118aa	GET	/auth/login/success	http://localhost:3000
20230524	23:05:38	a451516a-08f7-422b-815b-448a278f7d2c	GET	/auth/google	undefined
20230524	23:05:39	e1038fe0-82cf-4070-ab97-2de2436d693f	GET	/auth/google/callback?code=4%2F0AbUR2VOIgRhY8KIYRzn7Moj6ZDUMU7EtxQIwpT8NXaC34EGa22BXLmHVtNP7KgbGGsXGVw&scope=profile+https%3A%2F%2Fwww.googleapis.com%2Fauth%2Fuserinfo.profile	undefined
20230524	23:05:39	8d4034d3-e64e-4c90-acc9-70a6dfc21829	GET	/auth/login/success	http://localhost:3000
20230524	23:05:39	dac3a4d0-930d-465f-b3cd-96ba0285e555	OPTIONS	/auth/login/success	http://localhost:3000
20230524	23:05:39	ee484ecd-9ca0-4bb2-9d6f-7ddf06931f7a	OPTIONS	/auth/login/success	http://localhost:3000
20230524	23:05:39	1bb98060-b21f-460c-b34c-ee3fe470708e	GET	/auth/login/success	http://localhost:3000
20230524	23:05:39	e3448b50-bfa9-4551-abbc-cbd36647e23f	GET	/auth/login/success	http://localhost:3000
20230524	23:08:13	ae98fc53-a742-4556-b795-fb3550a141c2	OPTIONS	/auth/login/success	http://localhost:3000
20230524	23:08:13	7259172d-06c3-4cea-8e51-3f9d607021bb	OPTIONS	/auth/login/success	http://localhost:3000
20230524	23:08:13	11415181-aaaf-4d40-b14a-d84666c84273	GET	/auth/login/success	http://localhost:3000
20230524	23:08:13	5fb5da4c-043c-4b29-a23b-064de0483633	GET	/auth/login/success	http://localhost:3000
20230524	23:08:49	ab6d8949-24e8-4740-9019-1ced10b58887	GET	/auth/logout	undefined
20230524	23:08:50	0f71edda-d53f-41bc-941e-06d5c5e472f1	OPTIONS	/auth/login/success	http://localhost:3000
20230524	23:08:50	bbe060c8-c3cd-47c6-ae01-8a60ce5b8795	OPTIONS	/auth/login/success	http://localhost:3000
20230524	23:08:50	769bfbcc-1f71-4075-b6c4-513b96c51e09	GET	/auth/login/success	http://localhost:3000
20230524	23:08:54	0a64a1b0-66c3-4aad-a4cf-2c0bd308c1a9	GET	/auth/google	undefined
20230524	23:08:55	08c9bcd2-0d19-418c-9b3a-0e414e8a4140	GET	/auth/google/callback?code=4%2F0AbUR2VN5ZtCe9jlzk21QlVezzjF9lNaqqvLTt3_sCL4u7v-UKBF0ecgLRrkoiXJQOTEkVg&scope=profile+https%3A%2F%2Fwww.googleapis.com%2Fauth%2Fuserinfo.profile	undefined
20230524	23:08:55	2df5a6bc-602f-4170-8b33-5a127532c621	OPTIONS	/auth/login/success	http://localhost:3000
20230524	23:08:55	14f1e19f-a97d-4b0b-aa6e-3e93b326261c	GET	/auth/login/success	http://localhost:3000
20230524	23:08:55	06877d3a-f611-44e8-837c-758e13c5b2c5	GET	/auth/login/success	http://localhost:3000
20230524	23:12:15	5bb71a36-917b-42d0-8418-b96df19246fe	OPTIONS	/auth/login/success	http://localhost:3000
20230524	23:12:15	9406132e-dd95-43ef-93ef-228af72dfd16	OPTIONS	/auth/login/success	http://localhost:3000
20230524	23:12:15	83a268ab-5de3-4b04-a4e1-a77939ebb296	GET	/auth/login/success	http://localhost:3000
20230524	23:12:15	cf70bb04-24d4-42cb-90bb-77687b896038	GET	/auth/login/success	http://localhost:3000
20230524	23:12:19	0c0aa00c-4683-4983-9cdb-d46394333cfc	GET	/auth/logout	undefined
20230524	23:12:20	a06df4ba-2398-4911-8d6c-222fde45a178	GET	/auth/login/success	http://localhost:3000
20230524	23:12:40	8d7b5f72-1e4b-4fc8-a5ca-f5c44570a37e	GET	/auth/login/success	http://localhost:3000
20230524	23:13:25	a83b6dd5-cdf1-42ca-8901-fbb17cbfd1ae	GET	/auth/google	undefined
20230524	23:13:26	caa7a7c9-82a8-4c55-87b6-0dabd8327158	GET	/auth/google/callback?code=4%2F0AbUR2VP2-n0IPmLEQgWecICEaN2mz2WPE8CfnH_IbrryRszI0kHdsBvGjk7zs52NLqBCpw&scope=profile+https%3A%2F%2Fwww.googleapis.com%2Fauth%2Fuserinfo.profile	undefined
20230524	23:13:26	96b4cad7-b640-45fe-bf09-35307dc533ba	OPTIONS	/auth/login/success	http://localhost:3000
20230524	23:13:26	326611b8-7c20-43c2-ae02-a699f17cb717	OPTIONS	/auth/login/success	http://localhost:3000
20230524	23:17:01	fda343ac-4142-4893-b3cc-3fae78d34804	GET	/auth/google	undefined
20230524	23:19:27	b68ed9c8-d0c7-469b-a056-40f58b5bbf80	OPTIONS	/auth/login/success	http://localhost:3000
20230524	23:19:27	549ddc7b-baa3-4ef7-9eb5-bfb0e228e85f	OPTIONS	/auth/login/success	http://localhost:3000
20230524	23:19:27	b7b8c918-05b4-451f-bbb6-d2ed17a35ebc	GET	/auth/login/success	http://localhost:3000
20230524	23:19:42	a034cd63-f6b3-409f-ac7f-da197fcecf37	GET	/auth/google	undefined
20230524	23:19:42	c7535c94-6840-4628-82c2-0e86284a4a6f	GET	/auth/login/success	http://localhost:3000
20230524	23:20:22	6bd259ee-c3ce-4a0e-92c8-4c529ca75fc3	OPTIONS	/auth/login/success	http://localhost:3000
20230524	23:20:22	0b353788-fc5d-40b7-a2dd-e6d6ed982193	OPTIONS	/auth/login/success	http://localhost:3000
20230524	23:20:22	2651ce26-f084-48c7-bf21-e2f6274352c6	GET	/auth/login/success	http://localhost:3000
20230524	23:20:29	288b0221-47ab-4c55-b96d-9e0bac47c554	GET	/auth/google	undefined
20230524	23:20:29	e0895723-0879-4ccc-a5fc-ca3dd39af529	GET	/auth/login/success	http://localhost:3000
20230524	23:22:03	a54aec0d-e289-463a-8809-f5f19f0fdda1	OPTIONS	/auth/login/success	http://localhost:3000
20230524	23:22:03	c26c45e3-f0fa-4eb0-9a80-aa6fbeaaf93c	OPTIONS	/auth/login/success	http://localhost:3000
20230524	23:22:03	59f3a281-7a5b-443a-835e-0e740b202afa	GET	/auth/login/success	http://localhost:3000
20230524	23:22:12	2761d850-83fe-4e5f-8360-39fe74d96a7b	GET	/auth/google	undefined
20230524	23:23:19	feeec6c1-60c0-4823-aafe-8858313e2cc8	OPTIONS	/auth/login/success	http://localhost:3000
20230524	23:23:19	4a584de9-01ba-4d74-8ef4-3baee7155a32	OPTIONS	/auth/login/success	http://localhost:3000
20230524	23:23:19	90d0fe82-a444-480e-96ab-cf01142870df	GET	/auth/login/success	http://localhost:3000
20230524	23:23:22	21359e00-e659-464a-9207-6b27d458d298	GET	/auth/google	undefined
20230524	23:23:22	1254817a-add2-4d50-87fc-096d2cad4a4d	GET	/auth/google/callback?code=4%2F0AbUR2VOIKIZaQNKrNN5qQGwdd0Ya7d1d_5yvOunDUuL_Sdx4k55OJkQ36LC-ieaepU2zJA&scope=profile+https%3A%2F%2Fwww.googleapis.com%2Fauth%2Fuserinfo.profile	undefined
20230524	23:23:23	eabcefbe-706a-4ffb-9b76-764d85a9b0a2	GET	/auth/login/success	http://localhost:3000
20230524	23:23:23	679df545-a041-490f-bf40-31061086c8df	GET	/auth/login/success	http://localhost:3000
20230524	23:23:25	838db986-fa71-4140-8939-78229bd81d88	GET	/auth/logout	undefined
20230524	23:23:25	82557818-0b3c-401b-93df-2ab52ace4187	OPTIONS	/auth/login/success	http://localhost:3000
20230524	23:23:25	a51953af-f423-4971-9381-bfb394f2ba93	OPTIONS	/auth/login/success	http://localhost:3000
20230524	23:23:25	95b92a5e-78e2-47d8-b909-8e1a87d5b7e7	GET	/auth/login/success	http://localhost:3000
20230525	19:30:16	fc10220e-1053-4832-90fa-8cf2b3495515	OPTIONS	/auth/login/success	http://localhost:3000
20230525	19:30:16	dba6c6a5-c8cc-40c4-810c-d69a80b1290a	OPTIONS	/auth/login/success	http://localhost:3000
20230525	19:30:16	3e718a69-a7c9-4d66-95c0-7d5050e52683	GET	/auth/login/success	http://localhost:3000
20230525	19:30:36	247a0386-b2b8-46d1-ae5d-b797fea462ca	GET	/auth/login/success	http://localhost:3000
20230525	19:31:45	6e86287e-f29a-470e-8938-d089db9dc6da	OPTIONS	/auth/login/success	http://localhost:3000
20230525	19:31:45	3a5fadf7-1b7a-4719-9311-63f8bc61f596	GET	/auth/login/success	http://localhost:3000
20230525	19:32:05	9bfac446-044b-44d0-adee-d757701857e4	GET	/auth/login/success	http://localhost:3000
20230525	19:38:47	e64c6e9e-7e2b-45e1-b1ba-9896f9bc2d02	OPTIONS	/auth/login/success	http://localhost:3000
20230525	19:38:47	ead5f95a-f23e-43c5-9c2c-b66f2b768ee4	OPTIONS	/auth/login/success	http://localhost:3000
20230525	19:38:47	df68c9f0-1ac7-4b83-803f-ff3cddd66d0e	GET	/auth/login/success	http://localhost:3000
20230525	19:38:49	384e41bc-3a39-492f-b71c-b07feb2d3fc9	GET	/auth/github	undefined
20230525	19:38:50	e1ffc54f-108f-484e-8358-eb19c64da400	GET	/auth/login/success	http://localhost:3000
20230525	19:38:55	870c9b86-d4d2-42d7-973f-c7ba510d5c4e	GET	/auth/github/callback?code=13510a863d59afa0f68a	undefined
20230525	19:38:57	8188d255-a5c1-4af9-aa2c-73378fb54882	OPTIONS	/auth/login/success	http://localhost:3000
20230525	19:38:57	ed84d922-6bdc-46f6-93d5-2d8d4b6b66c6	OPTIONS	/auth/login/success	http://localhost:3000
20230525	19:38:57	56b1a366-b792-46c0-8a49-dd310d26efb9	GET	/auth/login/success	http://localhost:3000
20230525	19:38:57	a957cfa1-9245-4ad9-91a2-26b9af69a774	GET	/auth/login/success	http://localhost:3000
20230525	19:39:14	4c0a8efa-82da-4526-a201-c4b9b8dff389	GET	/auth/logout	undefined
20230525	19:39:14	955599cd-c344-4db5-b61b-6f0a43a979db	OPTIONS	/auth/login/success	http://localhost:3000
20230525	19:39:14	751d52a0-85d2-4060-bbe2-0a50b5e3b950	GET	/auth/login/success	http://localhost:3000
20230525	19:39:34	d564e7be-80f5-46ce-a847-346585f9cc04	GET	/auth/login/success	http://localhost:3000
20230525	19:39:36	b89e7619-2596-455c-949c-b7b0d484ead7	GET	/auth/github	undefined
20230525	19:39:36	ce699903-4a40-44a8-9549-6bf638ebb516	GET	/auth/github/callback?code=33e26244354fa4a39780	undefined
20230525	19:39:37	71debcd6-ee72-4ba9-9ef0-744dd1264674	OPTIONS	/auth/login/success	http://localhost:3000
20230525	19:39:37	b88388f6-5bf6-46a9-96ec-482a8350c65b	GET	/auth/login/success	http://localhost:3000
20230525	19:39:37	94bf4536-73b8-421a-bba4-9ad9ad327905	GET	/auth/login/success	http://localhost:3000
20230525	19:39:42	27007a05-18c0-4d92-855f-63d0a6f6756b	GET	/auth/logout	undefined
20230525	19:39:42	7b2b7661-0fd6-45cb-ab58-95ba50b4dd15	GET	/auth/login/success	http://localhost:3000
20230525	19:39:45	623dff25-bac2-4e7b-ada0-3bd9e821d654	GET	/auth/google	undefined
20230525	19:39:46	310055cf-e604-43f8-b4df-11412bab33ec	GET	/auth/google/callback?code=4%2F0AbUR2VMj7-PSWOpH9PvArYK00H5x_PpABBkYAad6TPvQnWCurMz3n8sHbgAmPllxFn9CWg&scope=profile+https%3A%2F%2Fwww.googleapis.com%2Fauth%2Fuserinfo.profile	undefined
20230525	19:39:46	59c35e0a-d349-49aa-b5ad-0e65023a4f1d	OPTIONS	/auth/login/success	http://localhost:3000
20230525	19:39:46	3c1cba0e-7682-402e-b086-40eccd16174e	OPTIONS	/auth/login/success	http://localhost:3000
20230525	19:39:46	0bd9fcb5-836c-405c-ba15-c57742bf4869	GET	/auth/login/success	http://localhost:3000
20230525	19:39:46	e9202da2-17c6-4a66-936d-e2e04ec1035a	GET	/auth/login/success	http://localhost:3000
20230525	19:39:48	1bd2c01a-a03d-4efc-a36c-dd565e45f9e8	GET	/auth/logout	undefined
20230525	19:39:49	7662d36f-e681-4db4-b8a9-5829096ac8c8	GET	/auth/login/success	http://localhost:3000
20230525	19:40:07	d3b8761a-31c3-45f7-9217-25c7d8d055a1	GET	/auth/google	undefined
20230525	19:40:07	8d01b3cf-d519-4460-ab8f-0abbdf9923e1	GET	/auth/google/callback?code=4%2F0AbUR2VOS5HRLX72gMlcmpGeRGQ-0VBkgDn8liE8PcVL005UFcGBLArwxsHMSPGAThrv16A&scope=profile+https%3A%2F%2Fwww.googleapis.com%2Fauth%2Fuserinfo.profile	undefined
20230525	19:40:07	c924f556-628c-4742-8a69-de4c2b85ef2d	GET	/auth/login/success	http://localhost:3000
20230525	19:40:08	c73ec1ec-6653-4440-b673-6333ef2d69bb	OPTIONS	/auth/login/success	http://localhost:3000
20230525	19:40:08	507d291f-9fe8-45f3-ad5e-d8e38f34bb7b	GET	/auth/login/success	http://localhost:3000
20230525	19:40:08	11f7193e-9d1c-42b8-ac57-d0c98a824e8c	GET	/auth/login/success	http://localhost:3000
20230525	19:40:10	6e0a2aaf-3493-4332-a532-e3d25bf1a58c	GET	/auth/logout	undefined
20230525	19:40:11	ca58e08d-09c7-4965-b6e1-3a96d66076e0	GET	/auth/login/success	http://localhost:3000
20230525	19:40:31	3986a3d9-28d4-4d50-ba64-e97d48f756ae	GET	/auth/login/success	http://localhost:3000
20230528	09:51:00	45805b15-a2f0-4ee6-b56e-0248b0553d13	POST	/log	undefined
20230528	09:52:00	3bd411db-06c3-46f1-a5c8-0c8f3fa6c193	POST	/log	undefined
20230528	09:57:00	6d14f474-8006-4705-bbf9-56e224c71bca	POST	/notepad/data	undefined
20230704	09:36:09	bc08efeb-8127-4253-9ef5-f744028f6194	POST	/notepad/data	undefined
20230704	09:39:52	1d766b61-cafd-464a-8113-bbcb8196bf8f	POST	/notepad/data	undefined
